<?xml version="1.0" encoding="UTF-8"?>
<!-- Generated by org.testng.reporters.JUnitReportReporter -->
<testsuite skipped="0" hostname="PC-201702110318" name="com.tset.casees.Auto_1_Baidu_casees" tests="3" failures="0" timestamp="17 五月 2018 12:52:09 GMT" time="72.055" errors="0">
  <testcase name="f" time="41.411" classname="com.tset.casees.Auto_1_Baidu_casees"/>
  <testcase name="f" time="15.117" classname="com.tset.casees.Auto_1_Baidu_casees"/>
  <testcase name="f" time="15.527" classname="com.tset.casees.Auto_1_Baidu_casees"/>
</testsuite> <!-- com.tset.casees.Auto_1_Baidu_casees -->
