<?xml version="1.0" encoding="UTF-8"?>
<!-- Generated by org.testng.reporters.JUnitReportReporter -->
<testsuite skipped="0" hostname="PC-201702110318" name="com.tset.casees.Auto_1_Baidu_casees" tests="3" failures="0" timestamp="16 五月 2018 12:12:00 GMT" time="59.989" errors="0">
  <testcase name="f" time="30.682" classname="com.tset.casees.Auto_1_Baidu_casees"/>
  <testcase name="f" time="14.488" classname="com.tset.casees.Auto_1_Baidu_casees"/>
  <testcase name="f" time="14.819" classname="com.tset.casees.Auto_1_Baidu_casees"/>
</testsuite> <!-- com.tset.casees.Auto_1_Baidu_casees -->
