<?xml version="1.0" encoding="UTF-8"?>
<!-- Generated by org.testng.reporters.JUnitReportReporter -->
<testsuite skipped="0" hostname="PC-201702110318" name="CTestNG.C_2_baidu_Test" tests="3" failures="0" timestamp="16 四月 2018 00:44:50 GMT" time="34.655" errors="0">
  <testcase name="test1" time="11.379" classname="CTestNG.C_2_baidu_Test"/>
  <testcase name="test1" time="11.966" classname="CTestNG.C_2_baidu_Test"/>
  <testcase name="test1" time="11.310" classname="CTestNG.C_2_baidu_Test"/>
</testsuite> <!-- CTestNG.C_2_baidu_Test -->
