<?xml version="1.0" encoding="UTF-8"?>
<!-- Generated by org.testng.reporters.JUnitReportReporter -->
<testsuite skipped="0" hostname="PC-201702110318" name="CTestNG.C_1_calc_Test" tests="2" failures="0" timestamp="13 四月 2018 07:33:04 GMT" time="0.019" errors="0">
  <testcase name="Test_reduce" time="0.004" classname="CTestNG.C_1_calc_Test"/>
  <testcase name="Test_add" time="0.015" classname="CTestNG.C_1_calc_Test"/>
</testsuite> <!-- CTestNG.C_1_calc_Test -->
