<?xml version="1.0" encoding="UTF-8"?>
<!-- Generated by org.testng.reporters.JUnitReportReporter -->
<testsuite skipped="0" hostname="WQ-20180424MLWQ" name="com.zendao.LoginTest" tests="2" failures="0" timestamp="15 五月 2018 01:42:42 GMT" time="17.773" errors="0">
  <testcase name="LoginTest02" time="8.824" classname="com.zendao.LoginTest"/>
  <testcase name="LoginTest01" time="8.949" classname="com.zendao.LoginTest"/>
</testsuite> <!-- com.zendao.LoginTest -->
